Determining if the pthread_create exist failed with the following output:
Change Dir: /opt/local/src/cocos2dx/adv/proj.linux/CMakeFiles/CMakeTmp

Run Build Command:"/usr/bin/make" "cmTC_1b448/fast"
/usr/bin/make -f CMakeFiles/cmTC_1b448.dir/build.make CMakeFiles/cmTC_1b448.dir/build
make[1]: Entering directory '/opt/local/src/cocos2dx/adv/proj.linux/CMakeFiles/CMakeTmp'
Building C object CMakeFiles/cmTC_1b448.dir/CheckSymbolExists.c.o
/usr/bin/cc   -std=c99 -fPIC    -o CMakeFiles/cmTC_1b448.dir/CheckSymbolExists.c.o   -c /opt/local/src/cocos2dx/adv/proj.linux/CMakeFiles/CMakeTmp/CheckSymbolExists.c
Linking C executable cmTC_1b448
/opt/usr/local/bin/cmake -E cmake_link_script CMakeFiles/cmTC_1b448.dir/link.txt --verbose=1
/usr/bin/cc  -std=c99 -fPIC     -rdynamic CMakeFiles/cmTC_1b448.dir/CheckSymbolExists.c.o  -o cmTC_1b448 
CMakeFiles/cmTC_1b448.dir/CheckSymbolExists.c.o: In function `main':
CheckSymbolExists.c:(.text+0x1b): undefined reference to `pthread_create'
collect2: error: ld returned 1 exit status
CMakeFiles/cmTC_1b448.dir/build.make:86: recipe for target 'cmTC_1b448' failed
make[1]: *** [cmTC_1b448] Error 1
make[1]: Leaving directory '/opt/local/src/cocos2dx/adv/proj.linux/CMakeFiles/CMakeTmp'
Makefile:121: recipe for target 'cmTC_1b448/fast' failed
make: *** [cmTC_1b448/fast] Error 2

File /opt/local/src/cocos2dx/adv/proj.linux/CMakeFiles/CMakeTmp/CheckSymbolExists.c:
/* */
#include <pthread.h>

int main(int argc, char** argv)
{
  (void)argv;
#ifndef pthread_create
  return ((int*)(&pthread_create))[argc];
#else
  (void)argc;
  return 0;
#endif
}

Determining if the function pthread_create exists in the pthreads failed with the following output:
Change Dir: /opt/local/src/cocos2dx/adv/proj.linux/CMakeFiles/CMakeTmp

Run Build Command:"/usr/bin/make" "cmTC_5df84/fast"
/usr/bin/make -f CMakeFiles/cmTC_5df84.dir/build.make CMakeFiles/cmTC_5df84.dir/build
make[1]: Entering directory '/opt/local/src/cocos2dx/adv/proj.linux/CMakeFiles/CMakeTmp'
Building C object CMakeFiles/cmTC_5df84.dir/CheckFunctionExists.c.o
/usr/bin/cc   -std=c99 -fPIC -DCHECK_FUNCTION_EXISTS=pthread_create   -o CMakeFiles/cmTC_5df84.dir/CheckFunctionExists.c.o   -c /opt/usr/local/share/cmake-3.12/Modules/CheckFunctionExists.c
Linking C executable cmTC_5df84
/opt/usr/local/bin/cmake -E cmake_link_script CMakeFiles/cmTC_5df84.dir/link.txt --verbose=1
/usr/bin/cc  -std=c99 -fPIC -DCHECK_FUNCTION_EXISTS=pthread_create    -rdynamic CMakeFiles/cmTC_5df84.dir/CheckFunctionExists.c.o  -o cmTC_5df84 -lpthreads 
/usr/bin/ld: cannot find -lpthreads
collect2: error: ld returned 1 exit status
CMakeFiles/cmTC_5df84.dir/build.make:86: recipe for target 'cmTC_5df84' failed
make[1]: *** [cmTC_5df84] Error 1
make[1]: Leaving directory '/opt/local/src/cocos2dx/adv/proj.linux/CMakeFiles/CMakeTmp'
Makefile:121: recipe for target 'cmTC_5df84/fast' failed
make: *** [cmTC_5df84/fast] Error 2


