  lwf_cocos2dx_bitmap.cpp
  lwf_cocos2dx_factory.cpp
  lwf_cocos2dx_node.cpp
  lwf_cocos2dx_particle.cpp
c:\workspace\cocos\adv\cocos2d\cocos\base\ccutf8.h : warning C4819: ファイルは、現在のコード ページ (932) で表示できない文字を含んでいます。データの損失を防ぐために、ファイルを Unicode 形式で保存してください。 (ソース ファイルをコンパイルしています ..\cplusplus\cocos2dx\lwf_cocos2dx_bitmap.cpp)
c:\workspace\cocos\adv\cocos2d\cocos\base\ccutf8.h : warning C4819: ファイルは、現在のコード ページ (932) で表示できない文字を含んでいます。データの損失を防ぐために、ファイルを Unicode 形式で保存してください。 (ソース ファイルをコンパイルしています ..\cplusplus\cocos2dx\lwf_cocos2dx_particle.cpp)
c:\workspace\cocos\adv\cocos2d\cocos\base\ccutf8.h : warning C4819: ファイルは、現在のコード ページ (932) で表示できない文字を含んでいます。データの損失を防ぐために、ファイルを Unicode 形式で保存してください。 (ソース ファイルをコンパイルしています ..\cplusplus\cocos2dx\lwf_cocos2dx_factory.cpp)
c:\workspace\cocos\adv\cocos2d\cocos\platform\ccsaxparser.h : warning C4819: ファイルは、現在のコード ページ (932) で表示できない文字を含んでいます。データの損失を防ぐために、ファイルを Unicode 形式で保存してください。 (ソース ファイルをコンパイルしています ..\cplusplus\cocos2dx\lwf_cocos2dx_bitmap.cpp)
  lwf_cocos2dx_resourcecache.cpp
c:\workspace\cocos\adv\cocos2d\cocos\platform\ccsaxparser.h : warning C4819: ファイルは、現在のコード ページ (932) で表示できない文字を含んでいます。データの損失を防ぐために、ファイルを Unicode 形式で保存してください。 (ソース ファイルをコンパイルしています ..\cplusplus\cocos2dx\lwf_cocos2dx_factory.cpp)
c:\workspace\cocos\adv\cocos2d\cocos\platform\ccsaxparser.h : warning C4819: ファイルは、現在のコード ページ (932) で表示できない文字を含んでいます。データの損失を防ぐために、ファイルを Unicode 形式で保存してください。 (ソース ファイルをコンパイルしています ..\cplusplus\cocos2dx\lwf_cocos2dx_particle.cpp)
c:\workspace\cocos\adv\lwf\cplusplus\cocos2dx\lwf_cocos2dx_factory.cpp(198): warning C4018: '<': signed と unsigned の数値を比較しようとしました。
c:\workspace\cocos\adv\lwf\cplusplus\cocos2dx\lwf_cocos2dx_factory.cpp(263): warning C4018: '>': signed と unsigned の数値を比較しようとしました。
  lwf_cocos2dx_textbmfont.cpp
  lwf_cocos2dx_textttf.cpp
  lwf_animation.cpp
  lwf_bitmap.cpp
  lwf_bitmapclip.cpp
  lwf_bitmapex.cpp
c:\workspace\cocos\adv\cocos2d\cocos\base\ccutf8.h : warning C4819: ファイルは、現在のコード ページ (932) で表示できない文字を含んでいます。データの損失を防ぐために、ファイルを Unicode 形式で保存してください。 (ソース ファイルをコンパイルしています ..\cplusplus\cocos2dx\lwf_cocos2dx_textbmfont.cpp)
c:\workspace\cocos\adv\cocos2d\cocos\base\ccutf8.h : warning C4819: ファイルは、現在のコード ページ (932) で表示できない文字を含んでいます。データの損失を防ぐために、ファイルを Unicode 形式で保存してください。 (ソース ファイルをコンパイルしています ..\cplusplus\cocos2dx\lwf_cocos2dx_textttf.cpp)
  lwf_button.cpp
  lwf_compat.cpp
c:\workspace\cocos\adv\cocos2d\cocos\platform\ccsaxparser.h : warning C4819: ファイルは、現在のコード ページ (932) で表示できない文字を含んでいます。データの損失を防ぐために、ファイルを Unicode 形式で保存してください。 (ソース ファイルをコンパイルしています ..\cplusplus\cocos2dx\lwf_cocos2dx_textbmfont.cpp)
c:\workspace\cocos\adv\cocos2d\cocos\platform\ccsaxparser.h : warning C4819: ファイルは、現在のコード ページ (932) で表示できない文字を含んでいます。データの損失を防ぐために、ファイルを Unicode 形式で保存してください。 (ソース ファイルをコンパイルしています ..\cplusplus\cocos2dx\lwf_cocos2dx_textttf.cpp)
  lwf_core.cpp
c:\workspace\cocos\adv\lwf\cplusplus\core\lwf_compat.cpp(56): warning C4018: '<': signed と unsigned の数値を比較しようとしました。
c:\workspace\cocos\adv\lwf\cplusplus\core\lwf_compat.cpp(57): warning C4018: '<': signed と unsigned の数値を比較しようとしました。
  lwf_coredata.cpp
  lwf_data.cpp
  lwf_event.cpp
  lwf_eventbutton.cpp
c:\workspace\cocos\adv\lwf\cplusplus\core\lwf_data.cpp(301): warning C4018: '<': signed と unsigned の数値を比較しようとしました。
  lwf_eventmovie.cpp
  lwf_format.cpp
  lwf_graphic.cpp
  lwf_input.cpp
  lwf_iobject.cpp
  lwf_lwfcontainer.cpp
  lwf_movie.cpp
  lwf_movieat.cpp
  lwf_movieop.cpp
  lwf_movieprop.cpp
  lwf_object.cpp
  lwf_particle.cpp
c:\workspace\cocos\adv\lwf\cplusplus\core\lwf_movie.cpp(719): warning C4018: '<': signed と unsigned の数値を比較しようとしました。
c:\workspace\cocos\adv\lwf\cplusplus\core\lwf_movie.cpp(722): warning C4018: '<': signed と unsigned の数値を比較しようとしました。
  lwf_programobj.cpp
  lwf_property.cpp
  lwf_text.cpp
  lwf_utility.cpp
c:\workspace\cocos\adv\lwf\cplusplus\core\lwf_text.cpp(38): warning C4018: '<': signed と unsigned の数値を比較しようとしました。
  Alloc.c
  LzmaDec.c
  libLwf.vcxproj -> C:\workspace\cocos\adv\proj.win32\Debug.win32\libLwf.lib
