c:\workspace\cocos\adv\lwf\project.win32\debug.win32\lwf_cocos2dx_bitmap.obj
c:\workspace\cocos\adv\lwf\project.win32\debug.win32\lwf_animation.obj
c:\workspace\cocos\adv\lwf\project.win32\debug.win32\lwf_bitmap.obj
c:\workspace\cocos\adv\lwf\project.win32\debug.win32\lwf_bitmapex.obj
c:\workspace\cocos\adv\lwf\project.win32\debug.win32\lwf_compat.obj
c:\workspace\cocos\adv\lwf\project.win32\debug.win32\lwf_core.obj
c:\workspace\cocos\adv\lwf\project.win32\debug.win32\lwf_eventmovie.obj
c:\workspace\cocos\adv\lwf\project.win32\debug.win32\lwf_movie.obj
c:\workspace\cocos\adv\lwf\project.win32\debug.win32\lwf_text.obj
c:\workspace\cocos\adv\lwf\project.win32\debug.win32\lwf_cocos2dx_factory.obj
c:\workspace\cocos\adv\lwf\project.win32\debug.win32\lwf_cocos2dx_textttf.obj
c:\workspace\cocos\adv\lwf\project.win32\debug.win32\lwf_event.obj
c:\workspace\cocos\adv\lwf\project.win32\debug.win32\lwf_graphic.obj
c:\workspace\cocos\adv\lwf\project.win32\debug.win32\lwf_lwfcontainer.obj
c:\workspace\cocos\adv\lwf\project.win32\debug.win32\lwf_movieprop.obj
c:\workspace\cocos\adv\lwf\project.win32\debug.win32\lwf_particle.obj
c:\workspace\cocos\adv\lwf\project.win32\debug.win32\lwf_utility.obj
c:\workspace\cocos\adv\lwf\project.win32\debug.win32\lwf_cocos2dx_particle.obj
c:\workspace\cocos\adv\lwf\project.win32\debug.win32\lwf_cocos2dx_textbmfont.obj
c:\workspace\cocos\adv\lwf\project.win32\debug.win32\lwf_data.obj
c:\workspace\cocos\adv\lwf\project.win32\debug.win32\lwf_input.obj
c:\workspace\cocos\adv\lwf\project.win32\debug.win32\lwf_movieat.obj
c:\workspace\cocos\adv\lwf\project.win32\debug.win32\lwf_programobj.obj
c:\workspace\cocos\adv\lwf\project.win32\debug.win32\lwf_cocos2dx_node.obj
c:\workspace\cocos\adv\lwf\project.win32\debug.win32\lwf_cocos2dx_resourcecache.obj
c:\workspace\cocos\adv\lwf\project.win32\debug.win32\lwf_bitmapclip.obj
c:\workspace\cocos\adv\lwf\project.win32\debug.win32\lwf_button.obj
c:\workspace\cocos\adv\lwf\project.win32\debug.win32\lwf_coredata.obj
c:\workspace\cocos\adv\lwf\project.win32\debug.win32\lwf_eventbutton.obj
c:\workspace\cocos\adv\lwf\project.win32\debug.win32\lwf_format.obj
c:\workspace\cocos\adv\lwf\project.win32\debug.win32\lwf_iobject.obj
c:\workspace\cocos\adv\lwf\project.win32\debug.win32\lwf_movieop.obj
c:\workspace\cocos\adv\lwf\project.win32\debug.win32\lwf_object.obj
c:\workspace\cocos\adv\lwf\project.win32\debug.win32\lwf_property.obj
c:\workspace\cocos\adv\lwf\project.win32\debug.win32\liblwf.pdb
c:\workspace\cocos\adv\lwf\project.win32\debug.win32\alloc.obj
c:\workspace\cocos\adv\lwf\project.win32\debug.win32\lzmadec.obj
c:\workspace\cocos\adv\proj.win32\debug.win32\liblwf.lib
c:\workspace\cocos\adv\lwf\project.win32\debug.win32\liblwf.idb
c:\workspace\cocos\adv\lwf\project.win32\debug.win32\liblwf.tlog\cl.11560.write.1.tlog
c:\workspace\cocos\adv\lwf\project.win32\debug.win32\liblwf.tlog\cl.command.1.tlog
c:\workspace\cocos\adv\lwf\project.win32\debug.win32\liblwf.tlog\cl.read.1.tlog
c:\workspace\cocos\adv\lwf\project.win32\debug.win32\liblwf.tlog\lib-link.read.1.tlog
c:\workspace\cocos\adv\lwf\project.win32\debug.win32\liblwf.tlog\lib-link.write.1.tlog
c:\workspace\cocos\adv\lwf\project.win32\debug.win32\liblwf.tlog\lib.command.1.tlog
